<?xml version="1.0" encoding="UTF-8"?>
<!-- Generated by org.testng.reporters.JUnitXMLReporter -->
<testsuite ignored="0" hostname="DESKTOP-9QSJCVC" failures="0" tests="4" name="Default test" time="0.07" errors="0" timestamp="2022-12-13T20:49:32 IST">
  <testcase classname="dataDriven.excelDataProvider.dataProvider" name="testcaseData" time="0.007"/>
  <testcase classname="dataDriven.excelDataProvider.dataProvider" name="testcaseData" time="0.001"/>
  <testcase classname="dataDriven.excelDataProvider.dataProvider" name="testcaseData" time="0.001"/>
  <testcase classname="dataDriven.excelDataProvider.dataProvider" name="testcaseData" time="0.003"/>
</testsuite> <!-- Default test -->
