<?xml version="1.0" encoding="UTF-8"?>
<testng-results ignored="0" total="4" passed="4" failed="0" skipped="0">
  <reporter-output>
  </reporter-output>
  <suite started-at="2022-12-13T20:49:32 IST" name="Default suite" finished-at="2022-12-13T20:49:32 IST" duration-ms="70">
    <groups>
    </groups>
    <test started-at="2022-12-13T20:49:32 IST" name="Default test" finished-at="2022-12-13T20:49:32 IST" duration-ms="70">
      <class name="dataDriven.excelDataProvider.dataProvider">
        <test-method signature="testcaseData(java.lang.String,java.lang.String,int)[pri:0, instance:dataDriven.excelDataProvider.dataProvider@6a28ffa4]" started-at="2022-12-13T20:49:32 IST" name="testcaseData" data-provider="driverTest" finished-at="2022-12-13T20:49:32 IST" duration-ms="7" status="PASS">
          <params>
            <param index="0">
              <value>
                <![CDATA[Hello]]>
              </value>
            </param>
            <param index="1">
              <value>
                <![CDATA[Srikanth]]>
              </value>
            </param>
            <param index="2">
              <value>
                <![CDATA[1]]>
              </value>
            </param>
          </params>
          <reporter-output>
          </reporter-output>
        </test-method> <!-- testcaseData -->
        <test-method signature="testcaseData(java.lang.String,java.lang.String,int)[pri:0, instance:dataDriven.excelDataProvider.dataProvider@6a28ffa4]" started-at="2022-12-13T20:49:32 IST" name="testcaseData" data-provider="driverTest" finished-at="2022-12-13T20:49:32 IST" duration-ms="1" status="PASS">
          <params>
            <param index="0">
              <value>
                <![CDATA[Hello]]>
              </value>
            </param>
            <param index="1">
              <value>
                <![CDATA[Swathi]]>
              </value>
            </param>
            <param index="2">
              <value>
                <![CDATA[2]]>
              </value>
            </param>
          </params>
          <reporter-output>
          </reporter-output>
        </test-method> <!-- testcaseData -->
        <test-method signature="testcaseData(java.lang.String,java.lang.String,int)[pri:0, instance:dataDriven.excelDataProvider.dataProvider@6a28ffa4]" started-at="2022-12-13T20:49:32 IST" name="testcaseData" data-provider="driverTest" finished-at="2022-12-13T20:49:32 IST" duration-ms="1" status="PASS">
          <params>
            <param index="0">
              <value>
                <![CDATA[Hello]]>
              </value>
            </param>
            <param index="1">
              <value>
                <![CDATA[Priyanka]]>
              </value>
            </param>
            <param index="2">
              <value>
                <![CDATA[3]]>
              </value>
            </param>
          </params>
          <reporter-output>
          </reporter-output>
        </test-method> <!-- testcaseData -->
        <test-method signature="testcaseData(java.lang.String,java.lang.String,int)[pri:0, instance:dataDriven.excelDataProvider.dataProvider@6a28ffa4]" started-at="2022-12-13T20:49:32 IST" name="testcaseData" data-provider="driverTest" finished-at="2022-12-13T20:49:32 IST" duration-ms="3" status="PASS">
          <params>
            <param index="0">
              <value>
                <![CDATA[Hello]]>
              </value>
            </param>
            <param index="1">
              <value>
                <![CDATA[Harsha]]>
              </value>
            </param>
            <param index="2">
              <value>
                <![CDATA[4]]>
              </value>
            </param>
          </params>
          <reporter-output>
          </reporter-output>
        </test-method> <!-- testcaseData -->
      </class> <!-- dataDriven.excelDataProvider.dataProvider -->
    </test> <!-- Default test -->
  </suite> <!-- Default suite -->
</testng-results>
